<?xml version="1.0" encoding="UTF-8"?>
<!-- Generated by org.testng.reporters.JUnitReportReporter -->
<testsuite skipped="0" hostname="laxmi-PC" name="JavaPrograms.JavaPrograms.Swapping_Strings" tests="2" failures="0" timestamp="03 Dec 2017 18:18:19 GMT" time="0.048" errors="0">
  <testcase name="method1" time="0.037" classname="JavaPrograms.JavaPrograms.Swapping_Strings"/>
  <testcase name="method2" time="0.011" classname="JavaPrograms.JavaPrograms.Swapping_Strings"/>
</testsuite> <!-- JavaPrograms.JavaPrograms.Swapping_Strings -->
