<?xml version="1.0" encoding="UTF-8"?>
<!-- Generated by org.testng.reporters.JUnitReportReporter -->
<testsuite skipped="0" hostname="laxmi-PC" name="JavaPrograms.JavaPrograms.SwapingIntergersTest" tests="4" failures="0" timestamp="03 Dec 2017 18:10:28 GMT" time="0.067" errors="0">
  <testcase name="swapping_integer_using_thrid_value_z" time="0.045" classname="JavaPrograms.JavaPrograms.SwapingIntergersTest"/>
  <testcase name="using_operator1" time="0.008" classname="JavaPrograms.JavaPrograms.SwapingIntergersTest"/>
  <testcase name="using_operators2" time="0.009" classname="JavaPrograms.JavaPrograms.SwapingIntergersTest"/>
  <testcase name="using_XOR" time="0.005" classname="JavaPrograms.JavaPrograms.SwapingIntergersTest"/>
</testsuite> <!-- JavaPrograms.JavaPrograms.SwapingIntergersTest -->
